Removed Pin From Net: NetName=NetHEADER_CLK/RESET_1 Pin=R1-2
Removed Pin From Net: NetName=NetLED 1_1 Pin=R2-1
Removed Pin From Net: NetName=GND Pin=R2-2
Removed Pin From Net: NetName=NetLED 2_1 Pin=R3-1
Removed Pin From Net: NetName=NetLED 3_1 Pin=R4-1
Removed Pin From Net: NetName=NetLED 4_1 Pin=R5-1
Removed Pin From Net: NetName=NetLED 5_1 Pin=R6-1
Removed Pin From Net: NetName=NetLED 6_1 Pin=R7-1
Removed Pin From Net: NetName=NetLED 7_1 Pin=R8-1
Removed Pin From Net: NetName=NetLED 8_1 Pin=R9-1
Removed Pin From Net: NetName=NetR1_1 Pin=U1-4
Removed Pin From Net: NetName=NetB1_2 Pin=U2-1
Change Component Footprint: Designator=R2 Old Footprint=FP-AC0805-MFG New Footprint=FP-D12-CRCW0805-MFG
Change Component Footprint: Designator=R3 Old Footprint=FP-AC0805-MFG New Footprint=FP-FC0603-IPC_B
Change Component Footprint: Designator=R4 Old Footprint=FP-AC0805-MFG New Footprint=FP-FC0603-IPC_B
Change Component Footprint: Designator=R5 Old Footprint=FP-AC0805-MFG New Footprint=FP-FC0603-IPC_B
Change Component Footprint: Designator=R6 Old Footprint=FP-AC0805-MFG New Footprint=FP-FC0603-IPC_B
Change Component Footprint: Designator=R7 Old Footprint=FP-AC0805-MFG New Footprint=FP-FC0603-IPC_B
Change Component Footprint: Designator=R8 Old Footprint=FP-AC0805-MFG New Footprint=FP-FC0603-IPC_B
Change Component Footprint: Designator=R9 Old Footprint=FP-AC0805-MFG New Footprint=FP-FC0603-IPC_B
Change Component Comment : Designator=R2 Old Comment=AC0805JR-07330RL New Comment=CRCW080550R0FKTA
Change Component Comment : Designator=R3 Old Comment=AC0805JR-07330RL New Comment=FC0603E50R0BST1
Change Component Comment : Designator=R4 Old Comment=AC0805JR-07330RL New Comment=FC0603E50R0BST1
Change Component Comment : Designator=R5 Old Comment=AC0805JR-07330RL New Comment=FC0603E50R0BST1
Change Component Comment : Designator=R6 Old Comment=AC0805JR-07330RL New Comment=FC0603E50R0BST1
Change Component Comment : Designator=R7 Old Comment=AC0805JR-07330RL New Comment=FC0603E50R0BST1
Change Component Comment : Designator=R8 Old Comment=AC0805JR-07330RL New Comment=FC0603E50R0BST1
Change Component Comment : Designator=R9 Old Comment=AC0805JR-07330RL New Comment=FC0603E50R0BST1
Change Managed Component Library Link : Designator=R2 Old VaultGUID=B7D15EC3-160A-466F-A46C-7801FE6295A7 New VaultGUID=B7D15EC3-160A-466F-A46C-7801FE6295A7 Old ItemGUID=8732D89E-23CA-4B02-A2E1-C73E11C57891 New ItemGUID=21047AE9-C117-4D6E-9A02-FBD8B4709492 Old RevisionGUID=674E8CB7-E88D-421B-94A9-637A77AB8A2B New RevisionGUID=B4C27262-FAA0-4B1D-A95B-630C81F8D6BA
Change Managed Component Library Link : Designator=R3 Old VaultGUID=B7D15EC3-160A-466F-A46C-7801FE6295A7 New VaultGUID=B7D15EC3-160A-466F-A46C-7801FE6295A7 Old ItemGUID=8732D89E-23CA-4B02-A2E1-C73E11C57891 New ItemGUID=671AF073-9398-4897-88A9-5F1E44BC24C4 Old RevisionGUID=674E8CB7-E88D-421B-94A9-637A77AB8A2B New RevisionGUID=35110744-38F3-4258-AB5B-80F7B348B5D5
Change Managed Component Library Link : Designator=R4 Old VaultGUID=B7D15EC3-160A-466F-A46C-7801FE6295A7 New VaultGUID=B7D15EC3-160A-466F-A46C-7801FE6295A7 Old ItemGUID=8732D89E-23CA-4B02-A2E1-C73E11C57891 New ItemGUID=671AF073-9398-4897-88A9-5F1E44BC24C4 Old RevisionGUID=674E8CB7-E88D-421B-94A9-637A77AB8A2B New RevisionGUID=35110744-38F3-4258-AB5B-80F7B348B5D5
Change Managed Component Library Link : Designator=R5 Old VaultGUID=B7D15EC3-160A-466F-A46C-7801FE6295A7 New VaultGUID=B7D15EC3-160A-466F-A46C-7801FE6295A7 Old ItemGUID=8732D89E-23CA-4B02-A2E1-C73E11C57891 New ItemGUID=671AF073-9398-4897-88A9-5F1E44BC24C4 Old RevisionGUID=674E8CB7-E88D-421B-94A9-637A77AB8A2B New RevisionGUID=35110744-38F3-4258-AB5B-80F7B348B5D5
Change Managed Component Library Link : Designator=R6 Old VaultGUID=B7D15EC3-160A-466F-A46C-7801FE6295A7 New VaultGUID=B7D15EC3-160A-466F-A46C-7801FE6295A7 Old ItemGUID=8732D89E-23CA-4B02-A2E1-C73E11C57891 New ItemGUID=671AF073-9398-4897-88A9-5F1E44BC24C4 Old RevisionGUID=674E8CB7-E88D-421B-94A9-637A77AB8A2B New RevisionGUID=35110744-38F3-4258-AB5B-80F7B348B5D5
Change Managed Component Library Link : Designator=R7 Old VaultGUID=B7D15EC3-160A-466F-A46C-7801FE6295A7 New VaultGUID=B7D15EC3-160A-466F-A46C-7801FE6295A7 Old ItemGUID=8732D89E-23CA-4B02-A2E1-C73E11C57891 New ItemGUID=671AF073-9398-4897-88A9-5F1E44BC24C4 Old RevisionGUID=674E8CB7-E88D-421B-94A9-637A77AB8A2B New RevisionGUID=35110744-38F3-4258-AB5B-80F7B348B5D5
Change Managed Component Library Link : Designator=R8 Old VaultGUID=B7D15EC3-160A-466F-A46C-7801FE6295A7 New VaultGUID=B7D15EC3-160A-466F-A46C-7801FE6295A7 Old ItemGUID=8732D89E-23CA-4B02-A2E1-C73E11C57891 New ItemGUID=671AF073-9398-4897-88A9-5F1E44BC24C4 Old RevisionGUID=674E8CB7-E88D-421B-94A9-637A77AB8A2B New RevisionGUID=35110744-38F3-4258-AB5B-80F7B348B5D5
Change Managed Component Library Link : Designator=R9 Old VaultGUID=B7D15EC3-160A-466F-A46C-7801FE6295A7 New VaultGUID=B7D15EC3-160A-466F-A46C-7801FE6295A7 Old ItemGUID=8732D89E-23CA-4B02-A2E1-C73E11C57891 New ItemGUID=671AF073-9398-4897-88A9-5F1E44BC24C4 Old RevisionGUID=674E8CB7-E88D-421B-94A9-637A77AB8A2B New RevisionGUID=35110744-38F3-4258-AB5B-80F7B348B5D5
Change component parameters: Designator = "R3" ("R3"); Footprint = "FP-AC0805-MFG"; UniqueID = "\MLQDISCZ" ("\MLQDISCZ")
Change component parameters: Designator = "R4" ("R4"); Footprint = "FP-AC0805-MFG"; UniqueID = "\GFVQOAPX" ("\GFVQOAPX")
Change component parameters: Designator = "R5" ("R5"); Footprint = "FP-AC0805-MFG"; UniqueID = "\EILSKFER" ("\EILSKFER")
Change component parameters: Designator = "R6" ("R6"); Footprint = "FP-AC0805-MFG"; UniqueID = "\RKFJOGGG" ("\RKFJOGGG")
Change component parameters: Designator = "R7" ("R7"); Footprint = "FP-AC0805-MFG"; UniqueID = "\HSGROLMM" ("\HSGROLMM")
Change component parameters: Designator = "R8" ("R8"); Footprint = "FP-AC0805-MFG"; UniqueID = "\HLZJQXTO" ("\HLZJQXTO")
Change component parameters: Designator = "R9" ("R9"); Footprint = "FP-AC0805-MFG"; UniqueID = "\QBEJUGQX" ("\QBEJUGQX")
Change component parameters: Designator = "R2" ("R2"); Footprint = "FP-AC0805-MFG"; UniqueID = "\VHIYTXVY" ("\VHIYTXVY")
Change component parameters (AddParameter): Name = "Case Code (Imperial)"; Value = "0805"; VariantName = "[No Variations]"
Change component parameters (AddParameter): Name = "Case Code (Metric)"; Value = "2012"; VariantName = "[No Variations]"
Change component parameters (AddParameter): Name = "Case/Package"; Value = "0805"; VariantName = "[No Variations]"
Change component parameters (AddParameter): Name = "Composition"; Value = "Thick Film"; VariantName = "[No Variations]"
Change component parameters (AddParameter): Name = "Contact Plating"; Value = "Lead, Tin"; VariantName = "[No Variations]"
Change component parameters (AddParameter): Name = "Height"; Value = "450µm"; VariantName = "[No Variations]"
Change component parameters (AddParameter): Name = "Lead Free"; Value = "Contains Lead"; VariantName = "[No Variations]"
Change component parameters (AddParameter): Name = "Length"; Value = "2mm"; VariantName = "[No Variations]"
Change component parameters (AddParameter): Name = "Max Operating Temperature"; Value = "155°C"; VariantName = "[No Variations]"
Change component parameters (AddParameter): Name = "Min Operating Temperature"; Value = "-55°C"; VariantName = "[No Variations]"
Change component parameters (AddParameter): Name = "NexarPartId"; Value = "21390498"; VariantName = "[No Variations]"
Change component parameters (AddParameter): Name = "Power Rating"; Value = "125mW"; VariantName = "[No Variations]"
Change component parameters (AddParameter): Name = "Resistance"; Value = "50O"; VariantName = "[No Variations]"
Change component parameters (AddParameter): Name = "RoHS"; Value = "Non-Compliant"; VariantName = "[No Variations]"
Change component parameters (AddParameter): Name = "Temperature Coefficient"; Value = "100ppm/°C"; VariantName = "[No Variations]"
Change component parameters (AddParameter): Name = "Tolerance"; Value = "1%"; VariantName = "[No Variations]"
Change component parameters (AddParameter): Name = "Voltage Rating"; Value = "150V"; VariantName = "[No Variations]"
Change component parameters (AddParameter): Name = "Weight"; Value = "5.499807mg"; VariantName = "[No Variations]"
Change component parameters (AddParameter): Name = "Width"; Value = "1.25mm"; VariantName = "[No Variations]"
Added Component: Designator=R10(FP-FC0603-IPC_B)
Added Pin To Net: NetName=V_1.8V Pin=FLASH_MEMORY_CONNECTOR-3
Added Pin To Net: NetName=V_1.8V Pin=FLASH_MEMORY_CONNECTOR-7
Added Pin To Net: NetName=NetB1_2 Pin=R2-1
Added Pin To Net: NetName=NetLED 1_1 Pin=R3-1
Added Pin To Net: NetName=NetLED 2_1 Pin=R4-1
Added Pin To Net: NetName=NetLED 3_1 Pin=R5-1
Added Pin To Net: NetName=NetLED 4_1 Pin=R6-1
Added Pin To Net: NetName=NetLED 5_1 Pin=R7-1
Added Pin To Net: NetName=NetLED 6_1 Pin=R8-1
Added Pin To Net: NetName=NetLED 7_1 Pin=R9-1
Added Pin To Net: NetName=NetLED 8_1 Pin=R10-1
Added Pin To Net: NetName=GND Pin=R10-2
Added Pin To Net: NetName=NetHEADER_CLK/RESET_1 Pin=U1-4
Added Pin To Net: NetName=NetR1_1 Pin=Y1-3
Added Pin To Net: NetName=NetR1_2 Pin=R1-2
Added Pin To Net: NetName=NetR1_2 Pin=U1-3
Added Net: Name=NetR1_2
Added Pin To Net: NetName=NetR2_2 Pin=R2-2
Added Pin To Net: NetName=NetR2_2 Pin=U2-1
Added Net: Name=NetR2_2
Added Member To Class: ClassName=FULL_PCB Member=Component R10 FC0603E50R0BST1
